<?xml version="1.0" encoding="UTF-8"?>
<robot generator="Robot 6.0.2 (Python 3.11.2 on win32)" generated="20230301 19:36:30.020" rpa="false" schemaversion="3">
<suite id="s1" name="Teste" source="C:\Users\fagwe\OneDrive\Área de Trabalho\RobotProjeto2\teste.robot">
<test id="s1-t1" name="Cenario 1: registro de usuário no site DemoQA" line="59">
<kw name="Given que eu esteja no site do DemoQA">
<kw name="Open Browser" library="SeleniumLibrary">
<arg>${url}</arg>
<arg>${brownser}</arg>
<doc>Opens a new browser instance to the optional ``url``.</doc>
<msg timestamp="20230301 19:36:30.993" level="INFO">Opening browser 'chrome' to base url 'https://demoqa.com/register'.</msg>
<status status="PASS" starttime="20230301 19:36:30.992" endtime="20230301 19:36:41.851"/>
</kw>
<kw name="Maximize Browser Window" library="SeleniumLibrary">
<doc>Maximizes current browser window.</doc>
<status status="PASS" starttime="20230301 19:36:41.852" endtime="20230301 19:36:42.183"/>
</kw>
<kw name="Start Gif Recording" library="ScreenCapLibrary">
<doc>Starts the recording of a GIF in the background with the specified ``name``.
The recording can be stopped by calling the `Stop Gif Recording` keyword.</doc>
<status status="PASS" starttime="20230301 19:36:42.184" endtime="20230301 19:36:42.293"/>
</kw>
<status status="PASS" starttime="20230301 19:36:30.991" endtime="20230301 19:36:42.294"/>
</kw>
<kw name="When digito os dados nas lacunas">
<kw name="Input Text" library="SeleniumLibrary">
<arg>${input_firstname}</arg>
<arg>${FirstName}</arg>
<doc>Types the given ``text`` into the text field identified by ``locator``.</doc>
<msg timestamp="20230301 19:36:42.649" level="INFO">Typing text 'Wesley' into text field 'xpath= //*[@id="firstname"]'.</msg>
<status status="PASS" starttime="20230301 19:36:42.622" endtime="20230301 19:36:44.574"/>
</kw>
<kw name="Input Text" library="SeleniumLibrary">
<arg>${input_lastname}</arg>
<arg>${LastName}</arg>
<doc>Types the given ``text`` into the text field identified by ``locator``.</doc>
<msg timestamp="20230301 19:36:44.577" level="INFO">Typing text 'Amorim' into text field 'xpath= //*[@id="lastname"]'.</msg>
<status status="PASS" starttime="20230301 19:36:44.574" endtime="20230301 19:36:44.926"/>
</kw>
<kw name="Input Text" library="SeleniumLibrary">
<arg>${input_username}</arg>
<arg>${UserName}</arg>
<doc>Types the given ``text`` into the text field identified by ``locator``.</doc>
<msg timestamp="20230301 19:36:44.928" level="INFO">Typing text 'fagwes' into text field 'xpath= //*[@id="userName"]'.</msg>
<status status="PASS" starttime="20230301 19:36:44.927" endtime="20230301 19:36:45.274"/>
</kw>
<kw name="Input Text" library="SeleniumLibrary">
<arg>${password_codigo}</arg>
<arg>${senha}</arg>
<doc>Types the given ``text`` into the text field identified by ``locator``.</doc>
<msg timestamp="20230301 19:36:45.277" level="INFO">Typing text '@Paliodhu6643' into text field 'xpath= //*[@id="password"]'.</msg>
<status status="PASS" starttime="20230301 19:36:45.275" endtime="20230301 19:36:45.665"/>
</kw>
<status status="PASS" starttime="20230301 19:36:42.618" endtime="20230301 19:36:45.666"/>
</kw>
<kw name="And clico no botao robo">
<kw name="Execute Manual Step" library="Dialogs">
<arg>${button_robo}</arg>
<doc>Pauses execution until user sets the keyword status.</doc>
<status status="PASS" starttime="20230301 19:36:45.675" endtime="20230301 19:36:46.993"/>
</kw>
<status status="PASS" starttime="20230301 19:36:45.674" endtime="20230301 19:36:46.994"/>
</kw>
<kw name="And clico no botao registro">
<kw name="Click Element" library="SeleniumLibrary">
<arg>${button_register}</arg>
<doc>Click the element identified by ``locator``.</doc>
<msg timestamp="20230301 19:36:46.997" level="INFO">Clicking element 'xpath= //*[@id="register"]'.</msg>
<status status="PASS" starttime="20230301 19:36:46.996" endtime="20230301 19:36:47.363"/>
</kw>
<status status="PASS" starttime="20230301 19:36:46.995" endtime="20230301 19:36:47.364"/>
</kw>
<kw name="Then registro realizado com sucesso">
<kw name="Close Browser" library="SeleniumLibrary">
<doc>Closes the current browser.</doc>
<status status="PASS" starttime="20230301 19:36:47.369" endtime="20230301 19:36:49.980"/>
</kw>
<kw name="Stop Gif Recording" library="ScreenCapLibrary">
<doc>Stops the GIF recording and generates the file. If ``embed`` argument was set to ``True`` the
GIF will be displayed in the log file. Furthermore, if the ``save_to_disk`` parameter is set to ``False``, the
video will be embedded and available in the log file only.</doc>
<msg timestamp="20230301 19:36:50.990" level="INFO" html="true">&lt;a href="screenshot_1.gif"&gt;&lt;img src="screenshot_1.gif" width="800px"&gt;&lt;/a&gt;</msg>
<status status="PASS" starttime="20230301 19:36:49.981" endtime="20230301 19:36:50.992"/>
</kw>
<status status="PASS" starttime="20230301 19:36:47.366" endtime="20230301 19:36:50.992"/>
</kw>
<status status="PASS" starttime="20230301 19:36:30.990" endtime="20230301 19:36:50.993"/>
</test>
<status status="PASS" starttime="20230301 19:36:30.024" endtime="20230301 19:36:50.995"/>
</suite>
<statistics>
<total>
<stat pass="1" fail="0" skip="0">All Tests</stat>
</total>
<tag>
</tag>
<suite>
<stat pass="1" fail="0" skip="0" id="s1" name="Teste">Teste</stat>
</suite>
</statistics>
<errors>
</errors>
</robot>
